{
  "RSpec": {
    "coverage": {
      "C:/Users/Tanin/Documents/Ruby/ruby_redis_lock/lib/ruby_redis_lock.rb": [
        1,
        null,
        1,
        null,
        null,
        1,
        1,
        null,
        null
      ],
      "C:/Users/Tanin/Documents/Ruby/ruby_redis_lock/lib/ruby_redis_lock/ruby_redis_lock.rb": [
        1,
        null,
        null,
        1,
        7,
        6,
        null,
        7,
        null,
        null,
        null,
        1,
        1,
        null,
        17,
        null,
        17,
        null,
        43,
        null,
        43,
        2,
        null,
        null,
        null,
        null,
        15,
        null,
        null,
        null,
        1,
        null,
        63,
        63,
        null,
        47,
        47,
        null,
        3,
        3,
        null,
        0,
        null,
        null,
        null,
        1,
        null,
        10,
        10,
        null,
        8,
        null,
        8,
        8,
        8,
        null,
        null,
        0,
        null,
        null,
        1,
        140,
        null,
        null,
        null,
        null
      ],
      "C:/Users/Tanin/Documents/Ruby/ruby_redis_lock/spec/lock_spec.rb": [
        1,
        null,
        1,
        null,
        1,
        null,
        1,
        null,
        null,
        null,
        1,
        null,
        1,
        null,
        1,
        1,
        1,
        1,
        null,
        null,
        null,
        1,
        null,
        1,
        null,
        1,
        null,
        null,
        null,
        1,
        null,
        1,
        null,
        1,
        1,
        null,
        null,
        1,
        null,
        1,
        null,
        1,
        null,
        null,
        null,
        1,
        null,
        1,
        1,
        1,
        1,
        null,
        null,
        null,
        1,
        2,
        null,
        null,
        null,
        1,
        null,
        1,
        1,
        1,
        null,
        null,
        null,
        null,
        1,
        null,
        null,
        null,
        null
      ],
      "C:/Users/Tanin/Documents/Ruby/ruby_redis_lock/spec/release_lock_spec.rb": [
        1,
        null,
        1,
        null,
        1,
        null,
        1,
        null,
        1,
        null,
        null,
        null,
        1,
        null,
        1,
        null,
        1,
        1,
        null,
        null,
        null,
        null
      ],
      "C:/Users/Tanin/Documents/Ruby/ruby_redis_lock/spec/spec_helper.rb": [
        null,
        1,
        1,
        1,
        null,
        null,
        1,
        null,
        1,
        null,
        1,
        null,
        1,
        null,
        1,
        15,
        15,
        null,
        null,
        null
      ],
      "C:/Users/Tanin/Documents/Ruby/ruby_redis_lock/spec/try_acquire_lock_spec.rb": [
        1,
        null,
        1,
        null,
        1,
        null,
        1,
        null,
        null,
        null,
        1,
        null,
        1,
        1,
        null,
        null,
        null,
        1,
        null,
        1,
        null,
        1,
        1,
        null,
        null,
        null,
        1,
        null,
        null,
        null,
        null
      ]
    },
    "timestamp": 1317324230
  }
}
